Looking for git in: git
Using git 2.7.4 from git
> git rev-parse --show-toplevel
> git rev-parse --git-dir
Open repository: /opt/lampp/htdocs/PAI6
> git status -z -u
> git symbolic-ref --short HEAD
> git rev-parse hotfix/1
> git rev-parse --symbolic-full-name hotfix/1@{u}
fatal: no upstream configured for branch 'hotfix/1'
> git for-each-ref --format %(refname) %(objectname) --sort -committerdate
> git remote --verbose
> git config --get commit.template
> git check-ignore -v -z --stdin
> git show :koszyk.php
> git ls-files --stage -- /opt/lampp/htdocs/PAI6/koszyk.php
> git cat-file -s aaab0ee1219bd96ba5d02b30e956be3332fcdc5c
> git status -z -u
> git symbolic-ref --short HEAD
> git rev-parse hotfix/1
> git rev-parse --symbolic-full-name hotfix/1@{u}
fatal: no upstream configured for branch 'hotfix/1'
> git for-each-ref --format %(refname) %(objectname) --sort -committerdate
> git remote --verbose
> git config --get commit.template
> git show :wyslij-zamowienie.php
> git ls-files --stage -- /opt/lampp/htdocs/PAI6/wyslij-zamowienie.php
> git cat-file -s 7c4311960e4e23482dcc45d6e5bf8c372b26354b
> git show :dodaj-do-koszyka.php
> git ls-files --stage -- /opt/lampp/htdocs/PAI6/dodaj-do-koszyka.php
> git show :footer.php
> git ls-files --stage -- /opt/lampp/htdocs/PAI6/footer.php
> git show :header.php
> git ls-files --stage -- /opt/lampp/htdocs/PAI6/header.php
> git show :index.php
> git ls-files --stage -- /opt/lampp/htdocs/PAI6/index.php
> git cat-file -s 9bdf138f69b3449795b353ede6688749ed505b21
> git status -z -u
> git symbolic-ref --short HEAD
> git rev-parse hotfix/1
> git rev-parse --symbolic-full-name hotfix/1@{u}
fatal: no upstream configured for branch 'hotfix/1'
> git for-each-ref --format %(refname) %(objectname) --sort -committerdate
> git remote --verbose
> git config --get commit.template
> git show :init.php
> git ls-files --stage -- /opt/lampp/htdocs/PAI6/init.php
> git cat-file -s d458b6434e56d587694f4cea39033f0033e4ebad
> git status -z -u
> git symbolic-ref --short HEAD
> git rev-parse hotfix/1
> git rev-parse --symbolic-full-name hotfix/1@{u}
fatal: no upstream configured for branch 'hotfix/1'
> git for-each-ref --format %(refname) %(objectname) --sort -committerdate
> git remote --verbose
> git config --get commit.template
> git show :header.php
> git ls-files --stage -- /opt/lampp/htdocs/PAI6/header.php
> git status -z -u
> git symbolic-ref --short HEAD
> git rev-parse hotfix/1
> git rev-parse --symbolic-full-name hotfix/1@{u}
fatal: no upstream configured for branch 'hotfix/1'
> git for-each-ref --format %(refname) %(objectname) --sort -committerdate
> git remote --verbose
> git config --get commit.template
> git status -z -u
> git symbolic-ref --short HEAD
> git rev-parse hotfix/1
> git rev-parse --symbolic-full-name hotfix/1@{u}
fatal: no upstream configured for branch 'hotfix/1'
> git for-each-ref --format %(refname) %(objectname) --sort -committerdate
> git remote --verbose
> git config --get commit.template
> git show :wyslij-zamowienie.php
> git ls-files --stage -- /opt/lampp/htdocs/PAI6/wyslij-zamowienie.php
> git cat-file -s 7c4311960e4e23482dcc45d6e5bf8c372b26354b
> git show :oproznij-koszyk.php
> git ls-files --stage -- /opt/lampp/htdocs/PAI6/oproznij-koszyk.php
> git cat-file -s ff3eac57e8764ec5aa88d9c9829f4a04ec2c706a
> git show :wyslij-zamowienie.php
> git ls-files --stage -- /opt/lampp/htdocs/PAI6/wyslij-zamowienie.php
> git cat-file -s 7c4311960e4e23482dcc45d6e5bf8c372b26354b
> git status -z -u
> git symbolic-ref --short HEAD
> git rev-parse hotfix/1
> git rev-parse --symbolic-full-name hotfix/1@{u}
fatal: no upstream configured for branch 'hotfix/1'
> git for-each-ref --format %(refname) %(objectname) --sort -committerdate
> git remote --verbose
> git config --get commit.template
> git show :koszyk.php
> git ls-files --stage -- /opt/lampp/htdocs/PAI6/koszyk.php
> git cat-file -s aaab0ee1219bd96ba5d02b30e956be3332fcdc5c
> git status -z -u
> git symbolic-ref --short HEAD
> git rev-parse hotfix/1
> git rev-parse --symbolic-full-name hotfix/1@{u}
fatal: no upstream configured for branch 'hotfix/1'
> git for-each-ref --format %(refname) %(objectname) --sort -committerdate
> git remote --verbose
> git config --get commit.template
> git status -z -u
> git symbolic-ref --short HEAD
> git rev-parse hotfix/1
> git rev-parse --symbolic-full-name hotfix/1@{u}
fatal: no upstream configured for branch 'hotfix/1'
> git for-each-ref --format %(refname) %(objectname) --sort -committerdate
> git remote --verbose
> git config --get commit.template
> git show :wyslij-zamowienie.php
> git ls-files --stage -- /opt/lampp/htdocs/PAI6/wyslij-zamowienie.php
> git cat-file -s 7c4311960e4e23482dcc45d6e5bf8c372b26354b
> git show :index.php
> git ls-files --stage -- /opt/lampp/htdocs/PAI6/index.php
> git cat-file -s 9bdf138f69b3449795b353ede6688749ed505b21
> git show :init.php
> git ls-files --stage -- /opt/lampp/htdocs/PAI6/init.php
> git cat-file -s d458b6434e56d587694f4cea39033f0033e4ebad
> git show :index.php
> git ls-files --stage -- /opt/lampp/htdocs/PAI6/index.php
> git cat-file -s 9bdf138f69b3449795b353ede6688749ed505b21
> git status -z -u
> git symbolic-ref --short HEAD
> git rev-parse hotfix/1
> git rev-parse --symbolic-full-name hotfix/1@{u}
fatal: no upstream configured for branch 'hotfix/1'
> git for-each-ref --format %(refname) %(objectname) --sort -committerdate
> git remote --verbose
> git config --get commit.template
> git show :header.php
> git ls-files --stage -- /opt/lampp/htdocs/PAI6/header.php
> git status -z -u
> git symbolic-ref --short HEAD
> git rev-parse hotfix/1
> git rev-parse --symbolic-full-name hotfix/1@{u}
fatal: no upstream configured for branch 'hotfix/1'
> git for-each-ref --format %(refname) %(objectname) --sort -committerdate
> git remote --verbose
> git config --get commit.template
> git show :index.php
> git ls-files --stage -- /opt/lampp/htdocs/PAI6/index.php
> git cat-file -s 9bdf138f69b3449795b353ede6688749ed505b21
> git status -z -u
> git symbolic-ref --short HEAD
> git rev-parse hotfix/1
> git rev-parse --symbolic-full-name hotfix/1@{u}
fatal: no upstream configured for branch 'hotfix/1'
> git for-each-ref --format %(refname) %(objectname) --sort -committerdate
> git remote --verbose
> git config --get commit.template
> git status -z -u
> git symbolic-ref --short HEAD
> git rev-parse hotfix/1
> git rev-parse --symbolic-full-name hotfix/1@{u}
fatal: no upstream configured for branch 'hotfix/1'
> git for-each-ref --format %(refname) %(objectname) --sort -committerdate
> git remote --verbose
> git config --get commit.template
> git show :init.php
> git ls-files --stage -- /opt/lampp/htdocs/PAI6/init.php
> git cat-file -s d458b6434e56d587694f4cea39033f0033e4ebad
> git status -z -u
> git symbolic-ref --short HEAD
> git rev-parse hotfix/1
> git rev-parse --symbolic-full-name hotfix/1@{u}
fatal: no upstream configured for branch 'hotfix/1'
> git for-each-ref --format %(refname) %(objectname) --sort -committerdate
> git remote --verbose
> git config --get commit.template
> git status -z -u
> git symbolic-ref --short HEAD
> git rev-parse hotfix/1
> git rev-parse --symbolic-full-name hotfix/1@{u}
fatal: no upstream configured for branch 'hotfix/1'
> git for-each-ref --format %(refname) %(objectname) --sort -committerdate
> git remote --verbose
> git config --get commit.template
> git show :index.php
> git ls-files --stage -- /opt/lampp/htdocs/PAI6/index.php
> git cat-file -s 9bdf138f69b3449795b353ede6688749ed505b21
> git status -z -u
> git symbolic-ref --short HEAD
> git rev-parse hotfix/1
> git rev-parse --symbolic-full-name hotfix/1@{u}
fatal: no upstream configured for branch 'hotfix/1'
> git for-each-ref --format %(refname) %(objectname) --sort -committerdate
> git remote --verbose
> git config --get commit.template
> git show :koszyk.php
> git ls-files --stage -- /opt/lampp/htdocs/PAI6/koszyk.php
> git cat-file -s aaab0ee1219bd96ba5d02b30e956be3332fcdc5c
> git status -z -u
> git symbolic-ref --short HEAD
> git rev-parse hotfix/1
> git rev-parse --symbolic-full-name hotfix/1@{u}
fatal: no upstream configured for branch 'hotfix/1'
> git for-each-ref --format %(refname) %(objectname) --sort -committerdate
> git remote --verbose
> git config --get commit.template
> git show :wyslij-zamowienie.php
> git ls-files --stage -- /opt/lampp/htdocs/PAI6/wyslij-zamowienie.php
> git cat-file -s 7c4311960e4e23482dcc45d6e5bf8c372b26354b
> git show :index.php
> git ls-files --stage -- /opt/lampp/htdocs/PAI6/index.php
> git cat-file -s 9bdf138f69b3449795b353ede6688749ed505b21
> git show :koszyk.php
> git ls-files --stage -- /opt/lampp/htdocs/PAI6/koszyk.php
> git cat-file -s aaab0ee1219bd96ba5d02b30e956be3332fcdc5c
> git status -z -u
> git symbolic-ref --short HEAD
> git rev-parse hotfix/1
> git rev-parse --symbolic-full-name hotfix/1@{u}
fatal: no upstream configured for branch 'hotfix/1'
> git for-each-ref --format %(refname) %(objectname) --sort -committerdate
> git remote --verbose
> git config --get commit.template
> git status -z -u
> git symbolic-ref --short HEAD
> git rev-parse hotfix/1
> git rev-parse --symbolic-full-name hotfix/1@{u}
fatal: no upstream configured for branch 'hotfix/1'
> git for-each-ref --format %(refname) %(objectname) --sort -committerdate
> git remote --verbose
> git config --get commit.template
> git show :dodaj-do-koszyka.php
> git ls-files --stage -- /opt/lampp/htdocs/PAI6/dodaj-do-koszyka.php
> git show :koszyk.php
> git ls-files --stage -- /opt/lampp/htdocs/PAI6/koszyk.php
> git cat-file -s aaab0ee1219bd96ba5d02b30e956be3332fcdc5c
> git show :pokaz-koszyk.php
> git ls-files --stage -- /opt/lampp/htdocs/PAI6/pokaz-koszyk.php
> git check-ignore -v -z --stdin
> git status -z -u
> git symbolic-ref --short HEAD
> git rev-parse hotfix/1
> git rev-parse --symbolic-full-name hotfix/1@{u}
fatal: no upstream configured for branch 'hotfix/1'
> git for-each-ref --format %(refname) %(objectname) --sort -committerdate
> git remote --verbose
> git config --get commit.template
> git show :index.php
> git ls-files --stage -- /opt/lampp/htdocs/PAI6/index.php
> git cat-file -s 9bdf138f69b3449795b353ede6688749ed505b21
> git status -z -u
> git symbolic-ref --short HEAD
> git rev-parse hotfix/1
> git rev-parse --symbolic-full-name hotfix/1@{u}
fatal: no upstream configured for branch 'hotfix/1'
> git for-each-ref --format %(refname) %(objectname) --sort -committerdate
> git remote --verbose
> git config --get commit.template
> git show :pokaz-koszyk.php
> git ls-files --stage -- /opt/lampp/htdocs/PAI6/pokaz-koszyk.php
> git show :dodaj-do-koszyka.php
> git ls-files --stage -- /opt/lampp/htdocs/PAI6/dodaj-do-koszyka.php
> git status -z -u
> git symbolic-ref --short HEAD
> git rev-parse hotfix/1
> git rev-parse --symbolic-full-name hotfix/1@{u}
fatal: no upstream configured for branch 'hotfix/1'
> git for-each-ref --format %(refname) %(objectname) --sort -committerdate
> git remote --verbose
> git config --get commit.template
> git show :index.php
> git ls-files --stage -- /opt/lampp/htdocs/PAI6/index.php
> git cat-file -s 9bdf138f69b3449795b353ede6688749ed505b21
> git show :init.php
> git ls-files --stage -- /opt/lampp/htdocs/PAI6/init.php
> git cat-file -s d458b6434e56d587694f4cea39033f0033e4ebad
> git show :wyslij-zamowienie.php
> git ls-files --stage -- /opt/lampp/htdocs/PAI6/wyslij-zamowienie.php
> git cat-file -s 7c4311960e4e23482dcc45d6e5bf8c372b26354b
> git show :pokaz-koszyk.php
> git ls-files --stage -- /opt/lampp/htdocs/PAI6/pokaz-koszyk.php
> git status -z -u
> git symbolic-ref --short HEAD
> git rev-parse hotfix/1
> git rev-parse --symbolic-full-name hotfix/1@{u}
fatal: no upstream configured for branch 'hotfix/1'
> git for-each-ref --format %(refname) %(objectname) --sort -committerdate
> git remote --verbose
> git config --get commit.template
> git status -z -u
> git symbolic-ref --short HEAD
> git rev-parse hotfix/1
> git rev-parse --symbolic-full-name hotfix/1@{u}
fatal: no upstream configured for branch 'hotfix/1'
> git for-each-ref --format %(refname) %(objectname) --sort -committerdate
> git remote --verbose
> git config --get commit.template
> git status -z -u
> git symbolic-ref --short HEAD
> git rev-parse hotfix/1
> git rev-parse --symbolic-full-name hotfix/1@{u}
fatal: no upstream configured for branch 'hotfix/1'
> git for-each-ref --format %(refname) %(objectname) --sort -committerdate
> git remote --verbose
> git config --get commit.template
> git status -z -u
> git symbolic-ref --short HEAD
> git rev-parse hotfix/1
> git rev-parse --symbolic-full-name hotfix/1@{u}
fatal: no upstream configured for branch 'hotfix/1'
> git for-each-ref --format %(refname) %(objectname) --sort -committerdate
> git remote --verbose
> git config --get commit.template
> git status -z -u
> git symbolic-ref --short HEAD
> git rev-parse hotfix/1
> git rev-parse --symbolic-full-name hotfix/1@{u}
fatal: no upstream configured for branch 'hotfix/1'
> git for-each-ref --format %(refname) %(objectname) --sort -committerdate
> git remote --verbose
> git config --get commit.template
