[Info  - 15:45:05] Initialising intelephense 1.3.11
[Info  - 15:45:05] Initialised in 18 ms
[Info  - 15:45:06] Indexing started.
[Info  - 15:45:12] Indexing ended. 104 files indexed in 5s.
[Info  - 15:45:12] Writing state to /opt/lampp/htdocs/PAI6/~/.vscode-root/User/workspaceStorage/ea6bc0b9e91bc8c4899287fde7fa68ac/bmewburn.vscode-intelephense-client/1fb27385.
[Info  - 15:45:12] Wrote state in 0.5s.
[Info  - 15:45:19] Indexing started.
[Info  - 15:45:19] Indexing ended. 1 files indexed in 0s.
[Info  - 15:45:56] Indexing started.
[Info  - 15:45:56] Indexing ended. 1 files indexed in 0s.
[Info  - 15:46:03] Indexing started.
[Info  - 15:46:03] Indexing ended. 1 files indexed in 0s.
[Info  - 15:46:08] Indexing started.
[Info  - 15:46:08] Indexing ended. 1 files indexed in 0s.
[Info  - 15:48:37] Indexing started.
[Info  - 15:48:37] Indexing ended. 1 files indexed in 0s.
[Info  - 15:50:06] Indexing started.
[Info  - 15:50:06] Indexing ended. 1 files indexed in 0s.
[Info  - 15:50:17] Indexing started.
[Info  - 15:50:17] Indexing ended. 1 files indexed in 0s.
[Info  - 16:15:00] Indexing started.
[Info  - 16:15:01] Indexing ended. 1 files indexed in 0s.
[Info  - 16:15:22] Indexing started.
[Info  - 16:15:22] Indexing ended. 1 files indexed in 0s.
[Info  - 16:15:56] Indexing started.
[Info  - 16:15:56] Indexing ended. 1 files indexed in 0s.
[Info  - 16:15:59] Indexing started.
[Info  - 16:15:59] Indexing ended. 1 files indexed in 0s.
[Info  - 16:17:02] Indexing started.
[Info  - 16:17:02] Indexing ended. 2 files indexed in 0s.
[Info  - 16:17:29] Indexing started.
[Info  - 16:17:29] Indexing ended. 1 files indexed in 0s.
[Info  - 16:17:45] Indexing started.
[Info  - 16:17:45] Indexing ended. 1 files indexed in 0s.
[Info  - 16:18:26] Indexing started.
[Info  - 16:18:26] Indexing ended. 1 files indexed in 0s.
[Info  - 16:20:16] Indexing started.
[Info  - 16:20:16] Indexing ended. 1 files indexed in 0s.
[Info  - 16:20:33] Indexing started.
[Info  - 16:20:33] Indexing ended. 1 files indexed in 0s.
[Info  - 16:21:50] Indexing started.
[Info  - 16:21:50] Indexing ended. 2 files indexed in 0s.
[Info  - 16:21:59] Indexing started.
[Info  - 16:21:59] Indexing ended. 1 files indexed in 0s.
[Info  - 16:22:21] Indexing started.
[Info  - 16:22:21] Indexing ended. 1 files indexed in 0s.
[Info  - 16:52:33] Indexing started.
[Info  - 16:52:33] Indexing ended. 1 files indexed in 0s.
[Info  - 16:55:27] Indexing started.
[Info  - 16:55:27] Indexing ended. 1 files indexed in 0s.
[Info  - 16:55:41] Indexing started.
[Info  - 16:55:41] Indexing ended. 1 files indexed in 0s.
[Info  - 16:56:01] Indexing started.
[Info  - 16:56:02] Indexing ended. 1 files indexed in 0s.
[Info  - 17:02:06] Indexing started.
[Info  - 17:02:06] Indexing ended. 1 files indexed in 0s.
