[2020-04-11 15:44:41.526] [exthost] [info] extension host started
[2020-04-11 15:44:41.574] [exthost] [info] ExtensionService#_doActivateExtension vscode.debug-auto-launch {"startup":true,"extensionId":{"value":"vscode.debug-auto-launch","_lower":"vscode.debug-auto-launch"},"activationEvent":"*"}
[2020-04-11 15:44:41.574] [exthost] [info] ExtensionService#loadCommonJSModule file:///usr/share/code/resources/app/extensions/debug-auto-launch/dist/extension
[2020-04-11 15:44:41.578] [exthost] [info] ExtensionService#_doActivateExtension vscode.emmet {"startup":true,"extensionId":{"value":"vscode.emmet","_lower":"vscode.emmet"},"activationEvent":"*"}
[2020-04-11 15:44:41.578] [exthost] [info] ExtensionService#loadCommonJSModule file:///usr/share/code/resources/app/extensions/emmet/dist/extension
[2020-04-11 15:44:41.599] [exthost] [info] ExtensionService#_doActivateExtension vscode.git {"startup":true,"extensionId":{"value":"vscode.git","_lower":"vscode.git"},"activationEvent":"*"}
[2020-04-11 15:44:41.599] [exthost] [info] ExtensionService#loadCommonJSModule file:///usr/share/code/resources/app/extensions/git/dist/main
[2020-04-11 15:44:41.637] [exthost] [info] ExtensionService#_doActivateExtension vscode.merge-conflict {"startup":true,"extensionId":{"value":"vscode.merge-conflict","_lower":"vscode.merge-conflict"},"activationEvent":"*"}
[2020-04-11 15:44:41.637] [exthost] [info] ExtensionService#loadCommonJSModule file:///usr/share/code/resources/app/extensions/merge-conflict/dist/extension
[2020-04-11 15:44:41.640] [exthost] [info] ExtensionService#_doActivateExtension vscode.search-result {"startup":true,"extensionId":{"value":"vscode.search-result","_lower":"vscode.search-result"},"activationEvent":"*"}
[2020-04-11 15:44:41.641] [exthost] [info] ExtensionService#loadCommonJSModule file:///usr/share/code/resources/app/extensions/search-result/dist/extension.js
[2020-04-11 15:44:41.642] [exthost] [info] ExtensionService#_doActivateExtension vscode.vscode-account {"startup":true,"extensionId":{"value":"vscode.vscode-account","_lower":"vscode.vscode-account"},"activationEvent":"*"}
[2020-04-11 15:44:41.642] [exthost] [info] ExtensionService#loadCommonJSModule file:///usr/share/code/resources/app/extensions/vscode-account/dist/extension.js
[2020-04-11 15:44:41.644] [exthost] [info] ExtensionService#_doActivateExtension esbenp.prettier-vscode {"startup":true,"extensionId":{"value":"esbenp.prettier-vscode","_lower":"esbenp.prettier-vscode"},"activationEvent":"*"}
[2020-04-11 15:44:41.644] [exthost] [info] ExtensionService#loadCommonJSModule file:///home/olunia/.vscode/extensions/esbenp.prettier-vscode-4.2.0/dist/extension
[2020-04-11 15:44:41.758] [exthost] [info] ExtensionService#_doActivateExtension ritwickdey.LiveServer {"startup":true,"extensionId":{"value":"ritwickdey.LiveServer","_lower":"ritwickdey.liveserver"},"activationEvent":"*"}
[2020-04-11 15:44:41.758] [exthost] [info] ExtensionService#loadCommonJSModule file:///home/olunia/.vscode/extensions/ritwickdey.liveserver-5.6.1/out/src/extension
[2020-04-11 15:44:42.069] [exthost] [info] eager extensions activated
[2020-04-11 15:45:00.670] [exthost] [info] extension host started
[2020-04-11 15:45:00.729] [exthost] [info] ExtensionService#_doActivateExtension vscode.debug-auto-launch {"startup":true,"extensionId":{"value":"vscode.debug-auto-launch","_lower":"vscode.debug-auto-launch"},"activationEvent":"*"}
[2020-04-11 15:45:00.729] [exthost] [info] ExtensionService#loadCommonJSModule file:///usr/share/code/resources/app/extensions/debug-auto-launch/dist/extension
[2020-04-11 15:45:00.732] [exthost] [info] ExtensionService#_doActivateExtension vscode.emmet {"startup":true,"extensionId":{"value":"vscode.emmet","_lower":"vscode.emmet"},"activationEvent":"*"}
[2020-04-11 15:45:00.732] [exthost] [info] ExtensionService#loadCommonJSModule file:///usr/share/code/resources/app/extensions/emmet/dist/extension
[2020-04-11 15:45:00.765] [exthost] [info] ExtensionService#_doActivateExtension vscode.git {"startup":true,"extensionId":{"value":"vscode.git","_lower":"vscode.git"},"activationEvent":"*"}
[2020-04-11 15:45:00.765] [exthost] [info] ExtensionService#loadCommonJSModule file:///usr/share/code/resources/app/extensions/git/dist/main
[2020-04-11 15:45:00.803] [exthost] [info] ExtensionService#_doActivateExtension vscode.merge-conflict {"startup":true,"extensionId":{"value":"vscode.merge-conflict","_lower":"vscode.merge-conflict"},"activationEvent":"*"}
[2020-04-11 15:45:00.803] [exthost] [info] ExtensionService#loadCommonJSModule file:///usr/share/code/resources/app/extensions/merge-conflict/dist/extension
[2020-04-11 15:45:00.806] [exthost] [info] ExtensionService#_doActivateExtension vscode.search-result {"startup":true,"extensionId":{"value":"vscode.search-result","_lower":"vscode.search-result"},"activationEvent":"*"}
[2020-04-11 15:45:00.806] [exthost] [info] ExtensionService#loadCommonJSModule file:///usr/share/code/resources/app/extensions/search-result/dist/extension.js
[2020-04-11 15:45:00.807] [exthost] [info] ExtensionService#_doActivateExtension vscode.vscode-account {"startup":true,"extensionId":{"value":"vscode.vscode-account","_lower":"vscode.vscode-account"},"activationEvent":"*"}
[2020-04-11 15:45:00.807] [exthost] [info] ExtensionService#loadCommonJSModule file:///usr/share/code/resources/app/extensions/vscode-account/dist/extension.js
[2020-04-11 15:45:00.809] [exthost] [info] ExtensionService#_doActivateExtension esbenp.prettier-vscode {"startup":true,"extensionId":{"value":"esbenp.prettier-vscode","_lower":"esbenp.prettier-vscode"},"activationEvent":"*"}
[2020-04-11 15:45:00.809] [exthost] [info] ExtensionService#loadCommonJSModule file:///home/olunia/.vscode/extensions/esbenp.prettier-vscode-4.2.0/dist/extension
[2020-04-11 15:45:00.972] [exthost] [info] ExtensionService#_doActivateExtension ritwickdey.LiveServer {"startup":true,"extensionId":{"value":"ritwickdey.LiveServer","_lower":"ritwickdey.liveserver"},"activationEvent":"*"}
[2020-04-11 15:45:00.973] [exthost] [info] ExtensionService#loadCommonJSModule file:///home/olunia/.vscode/extensions/ritwickdey.liveserver-5.6.1/out/src/extension
[2020-04-11 15:45:02.173] [exthost] [info] ExtensionService#_doActivateExtension felixfbecker.php-intellisense {"startup":true,"extensionId":{"value":"felixfbecker.php-intellisense","_lower":"felixfbecker.php-intellisense"},"activationEvent":"workspaceContains:**/*.php"}
[2020-04-11 15:45:02.174] [exthost] [info] ExtensionService#loadCommonJSModule file:///home/olunia/.vscode/extensions/felixfbecker.php-intellisense-2.3.14/out/extension
[2020-04-11 15:45:02.482] [exthost] [info] ExtensionService#_doActivateExtension ritwickdey.live-sass {"startup":true,"extensionId":{"value":"ritwickdey.live-sass","_lower":"ritwickdey.live-sass"},"activationEvent":"workspaceContains:**/*.s[ac]ss"}
[2020-04-11 15:45:02.482] [exthost] [info] ExtensionService#loadCommonJSModule file:///home/olunia/.vscode/extensions/ritwickdey.live-sass-3.0.0/out/src/extension
[2020-04-11 15:45:04.322] [exthost] [info] ExtensionService#_doActivateExtension vscode.php-language-features {"startup":false,"extensionId":{"value":"vscode.php-language-features","_lower":"vscode.php-language-features"},"activationEvent":"onLanguage:php"}
[2020-04-11 15:45:04.322] [exthost] [info] ExtensionService#loadCommonJSModule file:///usr/share/code/resources/app/extensions/php-language-features/dist/phpMain
[2020-04-11 15:45:04.366] [exthost] [info] ExtensionService#_doActivateExtension bmewburn.vscode-intelephense-client {"startup":false,"extensionId":{"value":"bmewburn.vscode-intelephense-client","_lower":"bmewburn.vscode-intelephense-client"},"activationEvent":"onLanguage:php"}
[2020-04-11 15:45:04.366] [exthost] [info] ExtensionService#loadCommonJSModule file:///home/olunia/.vscode/extensions/bmewburn.vscode-intelephense-client-1.3.11/lib/extension
[2020-04-11 15:45:04.495] [exthost] [info] eager extensions activated
[2020-04-11 16:19:41.413] [exthost] [info] ExtensionService#_doActivateExtension vscode.html-language-features {"startup":false,"extensionId":{"value":"vscode.html-language-features","_lower":"vscode.html-language-features"},"activationEvent":"onLanguage:html"}
[2020-04-11 16:19:41.414] [exthost] [info] ExtensionService#loadCommonJSModule file:///usr/share/code/resources/app/extensions/html-language-features/client/dist/htmlMain
[2020-04-11 16:19:41.445] [exthost] [info] ExtensionService#_doActivateExtension Angular.ng-template {"startup":false,"extensionId":{"value":"Angular.ng-template","_lower":"angular.ng-template"},"activationEvent":"onLanguage:html"}
[2020-04-11 16:19:41.445] [exthost] [info] ExtensionService#loadCommonJSModule file:///home/olunia/.vscode/extensions/angular.ng-template-0.901.0/client
